<?xml version="1.0" encoding="UTF-8"?>
<testsuite name="com.carinspection.CarInspection.CarInspectionApplicationTests" tests="1" skipped="0" failures="0" errors="0" timestamp="2024-10-17T05:37:19" hostname="Ha-Mys-MacBook-Air.local" time="0.487">
  <properties/>
  <testcase name="contextLoads()" classname="com.carinspection.CarInspection.CarInspectionApplicationTests" time="0.487"/>
  <system-out><![CDATA[13:37:17.280 [Test worker] INFO org.springframework.test.context.support.AnnotationConfigContextLoaderUtils -- Could not detect default configuration classes for test class [com.carinspection.CarInspection.CarInspectionApplicationTests]: CarInspectionApplicationTests does not declare any static, non-private, non-final, nested classes annotated with @Configuration.
13:37:17.388 [Test worker] INFO org.springframework.boot.test.context.SpringBootTestContextBootstrapper -- Found @SpringBootConfiguration com.carinspection.CarInspection.CarInspectionApplication for test class com.carinspection.CarInspection.CarInspectionApplicationTests

  .   ____          _            __ _ _
 /\\ / ___'_ __ _ _(_)_ __  __ _ \ \ \ \
( ( )\___ | '_ | '_| | '_ \/ _` | \ \ \ \
 \\/  ___)| |_)| | | | | || (_| |  ) ) ) )
  '  |____| .__|_| |_|_| |_\__, | / / / /
 =========|_|==============|___/=/_/_/_/

 :: Spring Boot ::                (v3.3.4)

2024-10-17T13:37:17.656+08:00  INFO 27832 --- [CarInspection] [    Test worker] c.c.C.CarInspectionApplicationTests      : Starting CarInspectionApplicationTests using Java 21.0.4 with PID 27832 (started by hamynguyen in /Users/hamynguyen/Downloads/CarInspection)
2024-10-17T13:37:17.657+08:00  INFO 27832 --- [CarInspection] [    Test worker] c.c.C.CarInspectionApplicationTests      : No active profile set, falling back to 1 default profile: "default"
2024-10-17T13:37:18.007+08:00  INFO 27832 --- [CarInspection] [    Test worker] .s.d.r.c.RepositoryConfigurationDelegate : Bootstrapping Spring Data JPA repositories in DEFAULT mode.
2024-10-17T13:37:18.018+08:00  INFO 27832 --- [CarInspection] [    Test worker] .s.d.r.c.RepositoryConfigurationDelegate : Finished Spring Data repository scanning in 7 ms. Found 0 JPA repository interfaces.
2024-10-17T13:37:18.278+08:00  INFO 27832 --- [CarInspection] [    Test worker] o.hibernate.jpa.internal.util.LogHelper  : HHH000204: Processing PersistenceUnitInfo [name: default]
2024-10-17T13:37:18.307+08:00  INFO 27832 --- [CarInspection] [    Test worker] org.hibernate.Version                    : HHH000412: Hibernate ORM core version 6.5.3.Final
2024-10-17T13:37:18.329+08:00  INFO 27832 --- [CarInspection] [    Test worker] o.h.c.internal.RegionFactoryInitiator    : HHH000026: Second-level cache disabled
2024-10-17T13:37:18.518+08:00  INFO 27832 --- [CarInspection] [    Test worker] o.s.o.j.p.SpringPersistenceUnitInfo      : No LoadTimeWeaver setup: ignoring JPA class transformer
2024-10-17T13:37:18.536+08:00  INFO 27832 --- [CarInspection] [    Test worker] com.zaxxer.hikari.HikariDataSource       : HikariPool-1 - Starting...
2024-10-17T13:37:18.924+08:00  INFO 27832 --- [CarInspection] [    Test worker] com.zaxxer.hikari.pool.HikariPool        : HikariPool-1 - Added connection com.mysql.cj.jdbc.ConnectionImpl@761f234c
2024-10-17T13:37:18.925+08:00  INFO 27832 --- [CarInspection] [    Test worker] com.zaxxer.hikari.HikariDataSource       : HikariPool-1 - Start completed.
2024-10-17T13:37:19.005+08:00  WARN 27832 --- [CarInspection] [    Test worker] org.hibernate.orm.deprecation            : HHH90000025: MySQL8Dialect does not need to be specified explicitly using 'hibernate.dialect' (remove the property setting and it will be selected by default)
2024-10-17T13:37:19.006+08:00  WARN 27832 --- [CarInspection] [    Test worker] org.hibernate.orm.deprecation            : HHH90000026: MySQL8Dialect has been deprecated; use org.hibernate.dialect.MySQLDialect instead
2024-10-17T13:37:19.196+08:00  INFO 27832 --- [CarInspection] [    Test worker] o.h.e.t.j.p.i.JtaPlatformInitiator       : HHH000489: No JTA platform available (set 'hibernate.transaction.jta.platform' to enable JTA platform integration)
2024-10-17T13:37:19.199+08:00  INFO 27832 --- [CarInspection] [    Test worker] j.LocalContainerEntityManagerFactoryBean : Initialized JPA EntityManagerFactory for persistence unit 'default'
2024-10-17T13:37:19.293+08:00  WARN 27832 --- [CarInspection] [    Test worker] JpaBaseConfiguration$JpaWebConfiguration : spring.jpa.open-in-view is enabled by default. Therefore, database queries may be performed during view rendering. Explicitly configure spring.jpa.open-in-view to disable this warning
2024-10-17T13:37:19.548+08:00  INFO 27832 --- [CarInspection] [    Test worker] c.c.C.CarInspectionApplicationTests      : Started CarInspectionApplicationTests in 2.034 seconds (process running for 3.11)
]]></system-out>
  <system-err><![CDATA[WARNING: A Java agent has been loaded dynamically (/Users/hamynguyen/.gradle/caches/modules-2/files-2.1/net.bytebuddy/byte-buddy-agent/1.14.19/154da3a65b4f4a909d3e5bdec55d1b2b4cbb6ce1/byte-buddy-agent-1.14.19.jar)
WARNING: If a serviceability tool is in use, please run with -XX:+EnableDynamicAgentLoading to hide this warning
WARNING: If a serviceability tool is not in use, please run with -Djdk.instrument.traceUsage for more information
WARNING: Dynamic loading of agents will be disallowed by default in a future release
]]></system-err>
</testsuite>
